{"level":"info","message":"DB_USERNAME:","timestamp":"2025-03-20T17:18:26.558Z"}
{"level":"info","message":"MARIADB_DATABASE:","timestamp":"2025-03-20T17:18:26.561Z"}
{"level":"info","message":"Environment variables loaded","timestamp":"2025-03-20T17:18:26.709Z"}
{"level":"info","message":"Logger initialized","timestamp":"2025-03-20T17:18:26.710Z"}
{"level":"info","message":"Express App initialized","timestamp":"2025-03-20T17:18:26.710Z"}
{"level":"info","message":"Middleware initialized","timestamp":"2025-03-20T17:18:26.710Z"}
{"level":"info","message":"MariaDB Connection initialized","timestamp":"2025-03-20T17:18:26.710Z"}
{"level":"info","message":"Job Model defined","timestamp":"2025-03-20T17:18:26.710Z"}
{"level":"info","message":"Database syncing...","timestamp":"2025-03-20T17:18:26.710Z"}
{"level":"info","message":"Routes initialized","timestamp":"2025-03-20T17:18:26.710Z"}
{"level":"info","message":"Server starting...","timestamp":"2025-03-20T17:18:26.711Z"}
{"level":"info","message":"Server running on port 5000","timestamp":"2025-03-20T17:18:26.714Z"}
{"level":"info","message":"MariaDB Connected","timestamp":"2025-03-20T17:18:26.763Z"}
{"level":"info","message":"Database & tables ready","timestamp":"2025-03-20T17:18:27.031Z"}
{"level":"info","message":"GET /jobs","timestamp":"2025-03-20T17:44:22.001Z"}
{"level":"info","message":"GET /jobs","timestamp":"2025-03-20T18:02:53.564Z"}
{"level":"info","message":"GET /jobs","timestamp":"2025-03-20T18:04:55.662Z"}
{"level":"info","message":"GET /jobs","timestamp":"2025-03-20T18:05:24.064Z"}
{"level":"info","message":"GET /jobs","timestamp":"2025-03-20T18:08:01.352Z"}
{"level":"info","message":"GET /jobs","timestamp":"2025-03-20T18:12:53.632Z"}
{"level":"info","message":"GET /jobs","timestamp":"2025-03-20T18:13:09.897Z"}
{"level":"info","message":"GET /jobs","timestamp":"2025-03-20T18:14:55.598Z"}
{"level":"info","message":"GET /jobs","timestamp":"2025-03-20T18:22:31.803Z"}
{"level":"info","message":"GET /jobs","timestamp":"2025-03-20T18:25:14.340Z"}
{"level":"info","message":"DB_USERNAME:","timestamp":"2025-03-21T08:16:43.696Z"}
{"level":"info","message":"MARIADB_DATABASE:","timestamp":"2025-03-21T08:16:43.698Z"}
{"level":"info","message":"Environment variables loaded","timestamp":"2025-03-21T08:16:43.829Z"}
{"level":"info","message":"Logger initialized","timestamp":"2025-03-21T08:16:43.829Z"}
{"level":"info","message":"Express App initialized","timestamp":"2025-03-21T08:16:43.829Z"}
{"level":"info","message":"Middleware initialized","timestamp":"2025-03-21T08:16:43.829Z"}
{"level":"info","message":"MariaDB Connection initialized","timestamp":"2025-03-21T08:16:43.829Z"}
{"level":"info","message":"Job Model defined","timestamp":"2025-03-21T08:16:43.829Z"}
{"level":"info","message":"Database syncing...","timestamp":"2025-03-21T08:16:43.830Z"}
{"level":"info","message":"Routes initialized","timestamp":"2025-03-21T08:16:43.830Z"}
{"level":"info","message":"Server starting...","timestamp":"2025-03-21T08:16:43.830Z"}
{"level":"info","message":"Server running on port 5000","timestamp":"2025-03-21T08:16:43.833Z"}
{"level":"info","message":"MariaDB Connected","timestamp":"2025-03-21T08:16:43.890Z"}
{"level":"info","message":"Database & tables ready","timestamp":"2025-03-21T08:16:44.169Z"}
{"level":"info","message":"GET /jobs","timestamp":"2025-03-21T08:17:24.311Z"}
{"level":"info","message":"GET /jobs","timestamp":"2025-03-21T08:17:38.974Z"}
{"level":"info","message":"GET /jobs","timestamp":"2025-03-21T14:02:34.183Z"}
{"level":"info","message":"DB_USERNAME:","timestamp":"2025-03-21T19:12:32.184Z"}
{"level":"info","message":"MARIADB_DATABASE:","timestamp":"2025-03-21T19:12:32.187Z"}
{"level":"info","message":"Environment variables loaded","timestamp":"2025-03-21T19:12:32.436Z"}
{"level":"info","message":"Logger initialized","timestamp":"2025-03-21T19:12:32.436Z"}
{"level":"info","message":"Express App initialized","timestamp":"2025-03-21T19:12:32.437Z"}
{"level":"info","message":"Middleware initialized","timestamp":"2025-03-21T19:12:32.437Z"}
{"level":"info","message":"MariaDB Connection initialized","timestamp":"2025-03-21T19:12:32.437Z"}
{"level":"info","message":"Job Model defined","timestamp":"2025-03-21T19:12:32.445Z"}
{"level":"info","message":"Database syncing...","timestamp":"2025-03-21T19:12:32.445Z"}
{"level":"info","message":"Routes initialized","timestamp":"2025-03-21T19:12:32.447Z"}
{"level":"info","message":"Server starting...","timestamp":"2025-03-21T19:12:32.447Z"}
{"level":"info","message":"Server running on port 5000","timestamp":"2025-03-21T19:12:32.460Z"}
{"level":"info","message":"MariaDB Connected","timestamp":"2025-03-21T19:12:32.643Z"}
{"level":"info","message":"Database & tables ready","timestamp":"2025-03-21T19:12:33.008Z"}
{"level":"info","message":"DB_USERNAME:","timestamp":"2025-03-22T05:07:11.102Z"}
{"level":"info","message":"MARIADB_DATABASE:","timestamp":"2025-03-22T05:07:11.106Z"}
{"level":"info","message":"Environment variables loaded","timestamp":"2025-03-22T05:07:11.266Z"}
{"level":"info","message":"Logger initialized","timestamp":"2025-03-22T05:07:11.266Z"}
{"level":"info","message":"Express App initialized","timestamp":"2025-03-22T05:07:11.267Z"}
{"level":"info","message":"Middleware initialized","timestamp":"2025-03-22T05:07:11.267Z"}
{"level":"info","message":"MariaDB Connection initialized","timestamp":"2025-03-22T05:07:11.267Z"}
{"level":"info","message":"Job Model defined","timestamp":"2025-03-22T05:07:11.267Z"}
{"level":"info","message":"Database syncing...","timestamp":"2025-03-22T05:07:11.268Z"}
{"level":"info","message":"Routes initialized","timestamp":"2025-03-22T05:07:11.268Z"}
{"level":"info","message":"Server starting...","timestamp":"2025-03-22T05:07:11.268Z"}
{"level":"info","message":"Server running on port 5000","timestamp":"2025-03-22T05:07:11.272Z"}
{"level":"info","message":"MariaDB Connected","timestamp":"2025-03-22T05:07:11.335Z"}
{"level":"info","message":"Database & tables ready","timestamp":"2025-03-22T05:07:11.604Z"}
{"level":"info","message":"GET /jobs","timestamp":"2025-03-22T05:07:41.446Z"}
{"level":"info","message":"GET /jobs","timestamp":"2025-03-22T05:07:48.335Z"}
{"level":"info","message":"GET /jobs","timestamp":"2025-03-22T05:23:56.992Z"}
{"level":"info","message":"GET /jobs","timestamp":"2025-03-22T05:27:15.298Z"}
{"level":"info","message":"GET /jobs","timestamp":"2025-03-22T05:27:15.354Z"}
{"level":"info","message":"GET /jobs","timestamp":"2025-03-22T05:27:25.043Z"}
{"level":"info","message":"GET /jobs","timestamp":"2025-03-22T05:27:25.074Z"}
{"level":"info","message":"GET /jobs","timestamp":"2025-03-22T05:27:31.902Z"}
{"level":"info","message":"GET /jobs","timestamp":"2025-03-22T05:28:11.111Z"}
{"level":"info","message":"GET /jobs","timestamp":"2025-03-22T05:28:32.943Z"}
{"level":"info","message":"GET /jobs","timestamp":"2025-03-22T05:28:38.782Z"}
{"level":"info","message":"GET /jobs","timestamp":"2025-03-22T05:28:42.738Z"}
{"level":"info","message":"GET /jobs","timestamp":"2025-03-22T05:29:58.842Z"}
{"level":"info","message":"GET /jobs","timestamp":"2025-03-22T05:30:00.508Z"}
{"level":"info","message":"GET /jobs","timestamp":"2025-03-22T05:30:03.462Z"}
{"level":"info","message":"GET /jobs","timestamp":"2025-03-22T05:30:12.132Z"}
{"level":"info","message":"GET /jobs","timestamp":"2025-03-22T05:30:18.984Z"}
{"level":"info","message":"GET /jobs","timestamp":"2025-03-22T05:30:36.393Z"}
{"level":"info","message":"GET /jobs","timestamp":"2025-03-22T06:03:45.525Z"}
{"level":"info","message":"Server running on port 5000","timestamp":"2025-03-22T06:18:47.992Z"}
{"level":"info","message":"MariaDB Connected","timestamp":"2025-03-22T06:18:48.193Z"}
{"level":"info","message":"Database & tables ready","timestamp":"2025-03-22T06:18:49.821Z"}
{"level":"info","message":"Server running on port 5000","timestamp":"2025-03-22T07:37:53.249Z"}
{"level":"info","message":"MariaDB Connected","timestamp":"2025-03-22T07:37:53.414Z"}
{"level":"info","message":"Database & tables ready","timestamp":"2025-03-22T07:37:54.193Z"}
{"level":"info","message":"Server running on port 5000","timestamp":"2025-03-23T02:46:20.000Z"}
{"level":"info","message":"MariaDB Connected","timestamp":"2025-03-23T02:46:20.049Z"}
{"level":"info","message":"Database & tables ready","timestamp":"2025-03-23T02:46:20.477Z"}
{"level":"info","message":"Server running on port 5000","timestamp":"2025-03-23T02:49:59.004Z"}
{"level":"info","message":"MariaDB Connected","timestamp":"2025-03-23T02:49:59.072Z"}
{"level":"info","message":"Database & tables ready","timestamp":"2025-03-23T02:49:59.477Z"}
{"level":"info","message":"Server running on port 5000","timestamp":"2025-03-23T02:51:59.490Z"}
{"level":"info","message":"MariaDB Connected","timestamp":"2025-03-23T02:51:59.543Z"}
{"level":"info","message":"Database & tables ready","timestamp":"2025-03-23T02:51:59.997Z"}
{"level":"info","message":"Server running on port 5000","timestamp":"2025-03-23T02:59:09.337Z"}
{"level":"info","message":"MariaDB Connected","timestamp":"2025-03-23T02:59:09.381Z"}
{"level":"info","message":"Database & tables ready","timestamp":"2025-03-23T02:59:09.807Z"}
{"level":"info","message":"GET /jobs","timestamp":"2025-03-23T02:59:14.058Z"}
{"level":"info","message":"GET /jobs","timestamp":"2025-03-23T02:59:33.777Z"}
{"level":"info","message":"GET /jobs","timestamp":"2025-03-23T02:59:40.470Z"}
{"level":"info","message":"GET /jobs","timestamp":"2025-03-23T02:59:59.525Z"}
{"level":"info","message":"Server running on port 5000","timestamp":"2025-03-23T03:20:34.585Z"}
{"level":"info","message":"MariaDB Connected","timestamp":"2025-03-23T03:20:34.660Z"}
{"level":"info","message":"Database & tables ready","timestamp":"2025-03-23T03:20:35.086Z"}
{"level":"error","message":"Login error: secretOrPrivateKey must have a value","stack":"Error: secretOrPrivateKey must have a value\n    at module.exports [as sign] (/home/joey/Desktop/School Work/second sem/Web Dev/job-board-backend/node_modules/jsonwebtoken/sign.js:111:20)\n    at /home/joey/Desktop/School Work/second sem/Web Dev/job-board-backend/server.js:113:23\n    at process.processTicksAndRejections (node:internal/process/task_queues:95:5)","timestamp":"2025-03-23T03:20:40.281Z"}
{"level":"error","message":"Login error: secretOrPrivateKey must have a value","stack":"Error: secretOrPrivateKey must have a value\n    at module.exports [as sign] (/home/joey/Desktop/School Work/second sem/Web Dev/job-board-backend/node_modules/jsonwebtoken/sign.js:111:20)\n    at /home/joey/Desktop/School Work/second sem/Web Dev/job-board-backend/server.js:113:23\n    at process.processTicksAndRejections (node:internal/process/task_queues:95:5)","timestamp":"2025-03-23T03:20:42.577Z"}
{"level":"error","message":"Login error: secretOrPrivateKey must have a value","stack":"Error: secretOrPrivateKey must have a value\n    at module.exports [as sign] (/home/joey/Desktop/School Work/second sem/Web Dev/job-board-backend/node_modules/jsonwebtoken/sign.js:111:20)\n    at /home/joey/Desktop/School Work/second sem/Web Dev/job-board-backend/server.js:113:23\n    at process.processTicksAndRejections (node:internal/process/task_queues:95:5)","timestamp":"2025-03-23T03:20:43.158Z"}
{"level":"error","message":"Login error: secretOrPrivateKey must have a value","stack":"Error: secretOrPrivateKey must have a value\n    at module.exports [as sign] (/home/joey/Desktop/School Work/second sem/Web Dev/job-board-backend/node_modules/jsonwebtoken/sign.js:111:20)\n    at /home/joey/Desktop/School Work/second sem/Web Dev/job-board-backend/server.js:113:23\n    at process.processTicksAndRejections (node:internal/process/task_queues:95:5)","timestamp":"2025-03-23T03:20:43.387Z"}
{"level":"error","message":"Login error: secretOrPrivateKey must have a value","stack":"Error: secretOrPrivateKey must have a value\n    at module.exports [as sign] (/home/joey/Desktop/School Work/second sem/Web Dev/job-board-backend/node_modules/jsonwebtoken/sign.js:111:20)\n    at /home/joey/Desktop/School Work/second sem/Web Dev/job-board-backend/server.js:113:23\n    at process.processTicksAndRejections (node:internal/process/task_queues:95:5)","timestamp":"2025-03-23T03:20:43.569Z"}
{"level":"error","message":"Login error: secretOrPrivateKey must have a value","stack":"Error: secretOrPrivateKey must have a value\n    at module.exports [as sign] (/home/joey/Desktop/School Work/second sem/Web Dev/job-board-backend/node_modules/jsonwebtoken/sign.js:111:20)\n    at /home/joey/Desktop/School Work/second sem/Web Dev/job-board-backend/server.js:113:23\n    at process.processTicksAndRejections (node:internal/process/task_queues:95:5)","timestamp":"2025-03-23T03:20:48.462Z"}
{"level":"error","message":"Login error: secretOrPrivateKey must have a value","stack":"Error: secretOrPrivateKey must have a value\n    at module.exports [as sign] (/home/joey/Desktop/School Work/second sem/Web Dev/job-board-backend/node_modules/jsonwebtoken/sign.js:111:20)\n    at /home/joey/Desktop/School Work/second sem/Web Dev/job-board-backend/server.js:113:23\n    at process.processTicksAndRejections (node:internal/process/task_queues:95:5)","timestamp":"2025-03-23T03:20:49.104Z"}
{"level":"error","message":"Login error: secretOrPrivateKey must have a value","stack":"Error: secretOrPrivateKey must have a value\n    at module.exports [as sign] (/home/joey/Desktop/School Work/second sem/Web Dev/job-board-backend/node_modules/jsonwebtoken/sign.js:111:20)\n    at /home/joey/Desktop/School Work/second sem/Web Dev/job-board-backend/server.js:113:23\n    at process.processTicksAndRejections (node:internal/process/task_queues:95:5)","timestamp":"2025-03-23T03:20:49.353Z"}
{"level":"error","message":"Login error: secretOrPrivateKey must have a value","stack":"Error: secretOrPrivateKey must have a value\n    at module.exports [as sign] (/home/joey/Desktop/School Work/second sem/Web Dev/job-board-backend/node_modules/jsonwebtoken/sign.js:111:20)\n    at /home/joey/Desktop/School Work/second sem/Web Dev/job-board-backend/server.js:113:23\n    at process.processTicksAndRejections (node:internal/process/task_queues:95:5)","timestamp":"2025-03-23T03:20:49.553Z"}
{"level":"error","message":"Login error: secretOrPrivateKey must have a value","stack":"Error: secretOrPrivateKey must have a value\n    at module.exports [as sign] (/home/joey/Desktop/School Work/second sem/Web Dev/job-board-backend/node_modules/jsonwebtoken/sign.js:111:20)\n    at /home/joey/Desktop/School Work/second sem/Web Dev/job-board-backend/server.js:113:23\n    at process.processTicksAndRejections (node:internal/process/task_queues:95:5)","timestamp":"2025-03-23T03:20:49.971Z"}
{"level":"error","message":"Login error: secretOrPrivateKey must have a value","stack":"Error: secretOrPrivateKey must have a value\n    at module.exports [as sign] (/home/joey/Desktop/School Work/second sem/Web Dev/job-board-backend/node_modules/jsonwebtoken/sign.js:111:20)\n    at /home/joey/Desktop/School Work/second sem/Web Dev/job-board-backend/server.js:113:23\n    at process.processTicksAndRejections (node:internal/process/task_queues:95:5)","timestamp":"2025-03-23T03:21:09.804Z"}
{"level":"error","message":"Login error: secretOrPrivateKey must have a value","stack":"Error: secretOrPrivateKey must have a value\n    at module.exports [as sign] (/home/joey/Desktop/School Work/second sem/Web Dev/job-board-backend/node_modules/jsonwebtoken/sign.js:111:20)\n    at /home/joey/Desktop/School Work/second sem/Web Dev/job-board-backend/server.js:113:23\n    at process.processTicksAndRejections (node:internal/process/task_queues:95:5)","timestamp":"2025-03-23T03:21:10.726Z"}
{"level":"error","message":"Login error: secretOrPrivateKey must have a value","stack":"Error: secretOrPrivateKey must have a value\n    at module.exports [as sign] (/home/joey/Desktop/School Work/second sem/Web Dev/job-board-backend/node_modules/jsonwebtoken/sign.js:111:20)\n    at /home/joey/Desktop/School Work/second sem/Web Dev/job-board-backend/server.js:113:23\n    at process.processTicksAndRejections (node:internal/process/task_queues:95:5)","timestamp":"2025-03-23T03:21:23.975Z"}
{"level":"error","message":"Login error: secretOrPrivateKey must have a value","stack":"Error: secretOrPrivateKey must have a value\n    at module.exports [as sign] (/home/joey/Desktop/School Work/second sem/Web Dev/job-board-backend/node_modules/jsonwebtoken/sign.js:111:20)\n    at /home/joey/Desktop/School Work/second sem/Web Dev/job-board-backend/server.js:113:23\n    at process.processTicksAndRejections (node:internal/process/task_queues:95:5)","timestamp":"2025-03-23T03:21:26.299Z"}
{"level":"error","message":"Login error: secretOrPrivateKey must have a value","stack":"Error: secretOrPrivateKey must have a value\n    at module.exports [as sign] (/home/joey/Desktop/School Work/second sem/Web Dev/job-board-backend/node_modules/jsonwebtoken/sign.js:111:20)\n    at /home/joey/Desktop/School Work/second sem/Web Dev/job-board-backend/server.js:113:23\n    at process.processTicksAndRejections (node:internal/process/task_queues:95:5)","timestamp":"2025-03-23T03:22:12.735Z"}
{"level":"error","message":"Login error: secretOrPrivateKey must have a value","stack":"Error: secretOrPrivateKey must have a value\n    at module.exports [as sign] (/home/joey/Desktop/School Work/second sem/Web Dev/job-board-backend/node_modules/jsonwebtoken/sign.js:111:20)\n    at /home/joey/Desktop/School Work/second sem/Web Dev/job-board-backend/server.js:113:23\n    at process.processTicksAndRejections (node:internal/process/task_queues:95:5)","timestamp":"2025-03-23T03:22:15.469Z"}
{"level":"info","message":"Server running on port 5000","timestamp":"2025-03-23T03:22:21.839Z"}
{"level":"info","message":"MariaDB Connected","timestamp":"2025-03-23T03:22:21.902Z"}
{"level":"info","message":"Database & tables ready","timestamp":"2025-03-23T03:22:22.588Z"}
{"level":"info","message":"Server running on port 5000","timestamp":"2025-03-23T03:50:12.115Z"}
{"level":"info","message":"MariaDB Connected","timestamp":"2025-03-23T03:50:12.167Z"}
{"level":"info","message":"Database & tables ready","timestamp":"2025-03-23T03:50:12.655Z"}
{"level":"info","message":"Server running on port 5000","timestamp":"2025-03-23T07:06:49.172Z"}
{"level":"info","message":"MariaDB Connected","timestamp":"2025-03-23T07:06:49.254Z"}
{"level":"info","message":"Database & tables ready","timestamp":"2025-03-23T07:06:49.827Z"}
{"level":"info","message":"GET /jobs","timestamp":"2025-03-23T07:06:56.889Z"}
{"level":"info","message":"GET /jobs","timestamp":"2025-03-23T07:06:56.960Z"}
{"level":"info","message":"GET /jobs","timestamp":"2025-03-23T07:10:13.747Z"}
{"level":"info","message":"GET /jobs","timestamp":"2025-03-23T07:10:36.975Z"}
{"level":"info","message":"GET /jobs","timestamp":"2025-03-23T07:10:37.013Z"}
{"level":"info","message":"Server running on port 5000","timestamp":"2025-03-23T07:35:37.786Z"}
{"level":"info","message":"MariaDB Connected","timestamp":"2025-03-23T07:35:37.871Z"}
{"level":"info","message":"Database & tables ready","timestamp":"2025-03-23T07:35:38.282Z"}
{"level":"info","message":"GET /jobs","timestamp":"2025-03-23T07:36:57.849Z"}
{"level":"info","message":"GET /jobs","timestamp":"2025-03-23T07:36:57.870Z"}
{"level":"info","message":"GET /jobs","timestamp":"2025-03-23T07:37:32.973Z"}
{"level":"info","message":"GET /jobs","timestamp":"2025-03-23T11:45:54.088Z"}
{"level":"info","message":"GET /jobs","timestamp":"2025-03-23T11:46:08.492Z"}
{"level":"info","message":"GET /jobs","timestamp":"2025-03-23T11:49:43.572Z"}
{"level":"info","message":"GET /jobs","timestamp":"2025-03-23T12:00:13.854Z"}
{"level":"info","message":"GET /jobs","timestamp":"2025-03-23T12:13:04.823Z"}
{"level":"info","message":"GET /jobs","timestamp":"2025-03-23T12:13:04.905Z"}
{"level":"info","message":"GET /jobs","timestamp":"2025-03-23T12:15:00.313Z"}
{"level":"info","message":"GET /jobs","timestamp":"2025-03-23T12:15:08.569Z"}
{"level":"info","message":"GET /jobs","timestamp":"2025-03-23T12:15:23.130Z"}
{"level":"info","message":"GET /jobs","timestamp":"2025-03-23T12:15:23.208Z"}
{"level":"info","message":"Server running on port 5000","timestamp":"2025-03-23T13:11:32.308Z"}
{"level":"info","message":"MariaDB Connected","timestamp":"2025-03-23T13:11:32.413Z"}
{"level":"info","message":"Database & tables ready","timestamp":"2025-03-23T13:11:33.249Z"}
{"level":"info","message":"GET /jobs","timestamp":"2025-03-23T13:16:39.333Z"}
{"level":"info","message":"GET /jobs","timestamp":"2025-03-23T13:16:39.373Z"}
{"level":"info","message":"GET /jobs","timestamp":"2025-03-23T13:16:50.106Z"}
{"level":"info","message":"GET /jobs","timestamp":"2025-03-23T13:16:54.735Z"}
{"level":"info","message":"GET /jobs","timestamp":"2025-03-23T13:19:28.877Z"}
{"level":"info","message":"GET /jobs","timestamp":"2025-03-23T13:20:56.445Z"}
{"level":"info","message":"GET /jobs","timestamp":"2025-03-23T13:21:00.657Z"}
{"level":"info","message":"GET /jobs","timestamp":"2025-03-23T13:21:06.579Z"}
{"level":"info","message":"GET /jobs","timestamp":"2025-03-23T14:05:12.620Z"}
{"level":"info","message":"GET /jobs","timestamp":"2025-03-23T14:05:36.603Z"}
{"level":"info","message":"GET /jobs","timestamp":"2025-03-23T14:09:23.271Z"}
{"level":"info","message":"GET /jobs","timestamp":"2025-03-23T14:11:44.137Z"}
{"level":"info","message":"GET /jobs","timestamp":"2025-03-23T14:12:00.772Z"}
{"level":"info","message":"GET /jobs/${id}","timestamp":"2025-03-23T14:13:52.413Z"}
{"level":"info","message":"GET /jobs/1","timestamp":"2025-03-23T14:14:03.717Z"}
{"level":"info","message":"GET /jobs","timestamp":"2025-03-23T14:25:15.111Z"}
{"level":"info","message":"GET /jobs","timestamp":"2025-03-23T14:33:39.618Z"}
{"level":"info","message":"GET /jobs","timestamp":"2025-03-23T14:33:51.850Z"}
{"level":"info","message":"GET /jobs","timestamp":"2025-03-23T15:01:40.876Z"}
{"level":"info","message":"GET /jobs","timestamp":"2025-03-23T15:02:02.562Z"}
{"level":"info","message":"GET /jobs","timestamp":"2025-03-23T15:31:04.236Z"}
{"level":"info","message":"GET /jobs","timestamp":"2025-03-23T15:35:24.757Z"}
{"level":"info","message":"GET /jobs","timestamp":"2025-03-23T15:45:18.204Z"}
{"level":"info","message":"GET /jobs","timestamp":"2025-03-23T15:52:06.122Z"}
{"level":"info","message":"GET /jobs","timestamp":"2025-03-23T16:02:25.595Z"}
{"level":"info","message":"GET /jobs","timestamp":"2025-03-23T16:10:08.850Z"}
{"level":"info","message":"GET /jobs","timestamp":"2025-03-23T16:23:23.918Z"}
{"level":"info","message":"GET /jobs","timestamp":"2025-03-23T16:29:03.528Z"}
{"level":"info","message":"GET /jobs","timestamp":"2025-03-23T16:34:14.384Z"}
{"level":"info","message":"GET /jobs","timestamp":"2025-03-23T16:34:14.414Z"}
{"level":"info","message":"GET /jobs","timestamp":"2025-03-23T16:34:17.476Z"}
{"level":"info","message":"GET /jobs","timestamp":"2025-03-23T16:34:17.496Z"}
{"level":"info","message":"GET /jobs","timestamp":"2025-03-23T16:34:30.072Z"}
{"level":"info","message":"GET /jobs","timestamp":"2025-03-23T16:34:30.112Z"}
{"level":"info","message":"GET /jobs","timestamp":"2025-03-23T16:35:25.439Z"}
{"level":"info","message":"GET /jobs","timestamp":"2025-03-23T16:35:25.483Z"}
{"level":"info","message":"GET /jobs","timestamp":"2025-03-23T16:35:53.472Z"}
{"level":"info","message":"GET /jobs","timestamp":"2025-03-23T16:35:59.737Z"}
{"level":"info","message":"GET /jobs","timestamp":"2025-03-23T16:36:03.745Z"}
{"level":"info","message":"GET /jobs","timestamp":"2025-03-23T16:36:11.377Z"}
{"level":"info","message":"GET /jobs","timestamp":"2025-03-23T16:38:21.135Z"}
{"level":"info","message":"GET /jobs","timestamp":"2025-03-23T16:38:27.382Z"}
{"level":"info","message":"GET /jobs","timestamp":"2025-03-23T16:38:34.086Z"}
{"level":"info","message":"GET /jobs","timestamp":"2025-03-23T16:39:22.304Z"}
{"level":"info","message":"GET /jobs","timestamp":"2025-03-23T16:45:17.055Z"}
{"level":"info","message":"GET /jobs","timestamp":"2025-03-23T16:45:22.704Z"}
{"level":"info","message":"GET /jobs","timestamp":"2025-03-23T16:45:26.558Z"}
{"level":"info","message":"GET /jobs","timestamp":"2025-03-23T16:46:36.551Z"}
{"level":"info","message":"GET /jobs","timestamp":"2025-03-23T16:46:38.743Z"}
{"level":"info","message":"GET /jobs","timestamp":"2025-03-23T16:48:35.256Z"}
{"level":"info","message":"GET /jobs","timestamp":"2025-03-23T16:48:37.943Z"}
{"level":"info","message":"GET /jobs","timestamp":"2025-03-23T16:48:40.128Z"}
{"level":"info","message":"GET /jobs","timestamp":"2025-03-23T16:48:42.427Z"}
